Change Component Designator: OldDesignator=C4 NewDesignator=C5
Change Component Designator: OldDesignator=C5 NewDesignator=C6
Change Component Designator: OldDesignator=C6 NewDesignator=C4
Change Component Designator: OldDesignator=C7 NewDesignator=C10
Change Component Designator: OldDesignator=C8 NewDesignator=C11
Change Component Designator: OldDesignator=C9 NewDesignator=C14
Change Component Designator: OldDesignator=C10 NewDesignator=C15
Change Component Designator: OldDesignator=C11 NewDesignator=C16
Change Component Designator: OldDesignator=C12 NewDesignator=C17
Change Component Designator: OldDesignator=C13 NewDesignator=C18
Change Component Designator: OldDesignator=C14 NewDesignator=C19
Change Component Designator: OldDesignator=C15 NewDesignator=C7
Change Component Designator: OldDesignator=C16 NewDesignator=C8
Change Component Designator: OldDesignator=C17 NewDesignator=C9
Change Component Designator: OldDesignator=C? NewDesignator=C12
Change Component Designator: OldDesignator=C? NewDesignator=C13
Change Component Designator: OldDesignator=D1 NewDesignator=D2
Change Component Designator: OldDesignator=D2 NewDesignator=D1
Change Component Designator: OldDesignator=J? NewDesignator=J1
Change Component Designator: OldDesignator=R10 NewDesignator=R22
Change Component Designator: OldDesignator=R11 NewDesignator=R23
Change Component Designator: OldDesignator=R12 NewDesignator=R24
Change Component Designator: OldDesignator=R13 NewDesignator=R25
Change Component Designator: OldDesignator=R14 NewDesignator=R26
Change Component Designator: OldDesignator=R15 NewDesignator=R27
Change Component Designator: OldDesignator=R16 NewDesignator=R28
Change Component Designator: OldDesignator=R17 NewDesignator=R10
Change Component Designator: OldDesignator=R18 NewDesignator=R30
Change Component Designator: OldDesignator=R19 NewDesignator=R31
Change Component Designator: OldDesignator=R20 NewDesignator=R32
Change Component Designator: OldDesignator=R21 NewDesignator=R33
Change Component Designator: OldDesignator=R22 NewDesignator=R34
Change Component Designator: OldDesignator=R23 NewDesignator=R11
Change Component Designator: OldDesignator=R24 NewDesignator=R36
Change Component Designator: OldDesignator=R25 NewDesignator=R37
Change Component Designator: OldDesignator=R26 NewDesignator=R13
Change Component Designator: OldDesignator=R27 NewDesignator=R14
Change Component Designator: OldDesignator=R28 NewDesignator=R16
Change Component Designator: OldDesignator=R29 NewDesignator=R17
Change Component Designator: OldDesignator=R30 NewDesignator=R18
Change Component Designator: OldDesignator=R31 NewDesignator=R19
Change Component Designator: OldDesignator=R32 NewDesignator=R20
Change Component Designator: OldDesignator=R33 NewDesignator=R21
Change Component Designator: OldDesignator=R34 NewDesignator=R29
Change Component Designator: OldDesignator=TP1 NewDesignator=TP2
Change Component Designator: OldDesignator=TP2 NewDesignator=TP1
Change Component Designator: OldDesignator=TP3 NewDesignator=TP5
Change Component Designator: OldDesignator=TP4 NewDesignator=TP3
Change Component Designator: OldDesignator=TP5 NewDesignator=TP4
Change Component Designator: OldDesignator=TP7 NewDesignator=TP9
Change Component Designator: OldDesignator=TP8 NewDesignator=TP10
Change Component Designator: OldDesignator=TP9 NewDesignator=TP11
Change Component Designator: OldDesignator=TP10 NewDesignator=TP7
Change Component Designator: OldDesignator=TP11 NewDesignator=TP8
Added Component: Designator=R12(RESC3216N)
Add component (AddParameter): Name = "Manufacturer 1"; Value = "Vishay/Dale"; VariantName = "[No Variations]"
Add component (AddParameter): Name = "Manufacturer Part Number 1"; Value = "CRCW120651R0JNEA"; VariantName = "[No Variations]"
Add component (AddParameter): Name = "Package / Case"; Value = "1206 (3216 metric)"; VariantName = "[No Variations]"
Add component (AddParameter): Name = "Ratings"; Value = "1/4W"; VariantName = "[No Variations]"
Add component (AddParameter): Name = "Supplier 1"; Value = "Digi-Key"; VariantName = "[No Variations]"
Add component (AddParameter): Name = "Supplier Part Number 1"; Value = "541-51ECT-ND"; VariantName = "[No Variations]"
Add component (AddParameter): Name = "Tolerance"; Value = "±1%"; VariantName = "[No Variations]"
Add component (AddParameter): Name = "Value"; Value = "1k?"; VariantName = "[No Variations]"
Added Component: Designator=R15(RESC3216N)
Add component (AddParameter): Name = "Manufacturer 1"; Value = "Vishay/Dale"; VariantName = "[No Variations]"
Add component (AddParameter): Name = "Manufacturer Part Number 1"; Value = "CRCW120651R0JNEA"; VariantName = "[No Variations]"
Add component (AddParameter): Name = "Package / Case"; Value = "1206 (3216 metric)"; VariantName = "[No Variations]"
Add component (AddParameter): Name = "Ratings"; Value = "1/4W"; VariantName = "[No Variations]"
Add component (AddParameter): Name = "Supplier 1"; Value = "Digi-Key"; VariantName = "[No Variations]"
Add component (AddParameter): Name = "Supplier Part Number 1"; Value = "541-51ECT-ND"; VariantName = "[No Variations]"
Add component (AddParameter): Name = "Tolerance"; Value = "±1%"; VariantName = "[No Variations]"
Add component (AddParameter): Name = "Value"; Value = "10k?"; VariantName = "[No Variations]"
Added Component: Designator=S1(TACT-SWITCH-TS1170)
Add component (AddParameter): Name = "Function"; Value = "On/Off"; VariantName = "[No Variations]"
Add component (AddParameter): Name = "Manufacturer 1"; Value = "Bond-Tact"; VariantName = "[No Variations]"
Add component (AddParameter): Name = "Manufacturer Part Number 1"; Value = "TS-1170-WP-300"; VariantName = "[No Variations]"
Add component (AddParameter): Name = "Material"; Value = "Brass/Nylon/Ag plating"; VariantName = "[No Variations]"
Add component (AddParameter): Name = "Package / Case"; Value = "6.5x6.5mm; 7.0mm stem"; VariantName = "[No Variations]"
Added Pin To Net: NetName=TIPKA Pin=R12-1
Added Pin To Net: NetName=+3.3V Pin=R15-1
Added Pin To Net: NetName=GND Pin=S1-2
Added Pin To Net: NetName=GND Pin=S1-2
Change Net Name : Old Net Name=NetC6_1 New Net Name=NetC4_1
Change Net Name : Old Net Name=NetC6_2 New Net Name=NetC4_2
Change Net Name : Old Net Name=NetC9_2 New Net Name=NetC14_2
Change Net Name : Old Net Name=NetC10_1 New Net Name=NetC15_1
Change Net Name : Old Net Name=NetC10_2 New Net Name=NetC15_2
Change Net Name : Old Net Name=NetC13_2 New Net Name=NetC18_2
Change Net Name : Old Net Name=NetC15_2 New Net Name=NetC7_2
Change Net Name : Old Net Name=NetC17_2 New Net Name=NetC9_2
Change Net Name : Old Net Name=NetD2_A New Net Name=NetD1_A
Added Pin To Net: NetName=NetR12_2 Pin=R12-2
Added Pin To Net: NetName=NetR12_2 Pin=R15-2
Added Pin To Net: NetName=NetR12_2 Pin=S1-1
Added Pin To Net: NetName=NetR12_2 Pin=S1-1
Added Net: Name=NetR12_2
