Removed Pin From Net: NetName=NetC1_1 Pin=TP1-1
Change Component Footprint: Designator=D1 Old Footprint=DO-41 New Footprint=DO-214AC
Added Component: Designator=C?(CAPC500P450250X550)
Added Component: Designator=LED?(SSA-LXB10HW-GF)
Added Component: Designator=R?(RESC3216N)
Add component (AddParameter): Name = "Manufacturer 1"; Value = "Vishay/Dale"; VariantName = "[No Variations]"
Add component (AddParameter): Name = "Manufacturer Part Number 1"; Value = "CRCW120651R0JNEA"; VariantName = "[No Variations]"
Add component (AddParameter): Name = "Package / Case"; Value = "1206 (3216 metric)"; VariantName = "[No Variations]"
Add component (AddParameter): Name = "Ratings"; Value = "1/4W"; VariantName = "[No Variations]"
Add component (AddParameter): Name = "Supplier 1"; Value = "Digi-Key"; VariantName = "[No Variations]"
Add component (AddParameter): Name = "Supplier Part Number 1"; Value = "541-51ECT-ND"; VariantName = "[No Variations]"
Add component (AddParameter): Name = "Tolerance"; Value = "±1%"; VariantName = "[No Variations]"
Add component (AddParameter): Name = "Value"; Value = "470?"; VariantName = "[No Variations]"
Added Component: Designator=R?(RESC3216N)
Add component (AddParameter): Name = "Manufacturer 1"; Value = "Vishay/Dale"; VariantName = "[No Variations]"
Add component (AddParameter): Name = "Manufacturer Part Number 1"; Value = "CRCW120651R0JNEA"; VariantName = "[No Variations]"
Add component (AddParameter): Name = "Package / Case"; Value = "1206 (3216 metric)"; VariantName = "[No Variations]"
Add component (AddParameter): Name = "Ratings"; Value = "1/4W"; VariantName = "[No Variations]"
Add component (AddParameter): Name = "Supplier 1"; Value = "Digi-Key"; VariantName = "[No Variations]"
Add component (AddParameter): Name = "Supplier Part Number 1"; Value = "541-51ECT-ND"; VariantName = "[No Variations]"
Add component (AddParameter): Name = "Tolerance"; Value = "±1%"; VariantName = "[No Variations]"
Add component (AddParameter): Name = "Value"; Value = "470?"; VariantName = "[No Variations]"
Added Component: Designator=R?(RESC3216N)
Add component (AddParameter): Name = "Manufacturer 1"; Value = "Vishay/Dale"; VariantName = "[No Variations]"
Add component (AddParameter): Name = "Manufacturer Part Number 1"; Value = "CRCW120651R0JNEA"; VariantName = "[No Variations]"
Add component (AddParameter): Name = "Package / Case"; Value = "1206 (3216 metric)"; VariantName = "[No Variations]"
Add component (AddParameter): Name = "Ratings"; Value = "1/4W"; VariantName = "[No Variations]"
Add component (AddParameter): Name = "Supplier 1"; Value = "Digi-Key"; VariantName = "[No Variations]"
Add component (AddParameter): Name = "Supplier Part Number 1"; Value = "541-51ECT-ND"; VariantName = "[No Variations]"
Add component (AddParameter): Name = "Tolerance"; Value = "±1%"; VariantName = "[No Variations]"
Add component (AddParameter): Name = "Value"; Value = "470?"; VariantName = "[No Variations]"
Added Component: Designator=R?(RESC3216N)
Add component (AddParameter): Name = "Manufacturer 1"; Value = "Vishay/Dale"; VariantName = "[No Variations]"
Add component (AddParameter): Name = "Manufacturer Part Number 1"; Value = "CRCW120651R0JNEA"; VariantName = "[No Variations]"
Add component (AddParameter): Name = "Package / Case"; Value = "1206 (3216 metric)"; VariantName = "[No Variations]"
Add component (AddParameter): Name = "Ratings"; Value = "1/4W"; VariantName = "[No Variations]"
Add component (AddParameter): Name = "Supplier 1"; Value = "Digi-Key"; VariantName = "[No Variations]"
Add component (AddParameter): Name = "Supplier Part Number 1"; Value = "541-51ECT-ND"; VariantName = "[No Variations]"
Add component (AddParameter): Name = "Tolerance"; Value = "±1%"; VariantName = "[No Variations]"
Add component (AddParameter): Name = "Value"; Value = "470?"; VariantName = "[No Variations]"
Added Component: Designator=R?(RESC3216N)
Add component (AddParameter): Name = "Manufacturer 1"; Value = "Vishay/Dale"; VariantName = "[No Variations]"
Add component (AddParameter): Name = "Manufacturer Part Number 1"; Value = "CRCW120651R0JNEA"; VariantName = "[No Variations]"
Add component (AddParameter): Name = "Package / Case"; Value = "1206 (3216 metric)"; VariantName = "[No Variations]"
Add component (AddParameter): Name = "Ratings"; Value = "1/4W"; VariantName = "[No Variations]"
Add component (AddParameter): Name = "Supplier 1"; Value = "Digi-Key"; VariantName = "[No Variations]"
Add component (AddParameter): Name = "Supplier Part Number 1"; Value = "541-51ECT-ND"; VariantName = "[No Variations]"
Add component (AddParameter): Name = "Tolerance"; Value = "±1%"; VariantName = "[No Variations]"
Add component (AddParameter): Name = "Value"; Value = "470?"; VariantName = "[No Variations]"
Added Component: Designator=R?(RESC3216N)
Add component (AddParameter): Name = "Manufacturer 1"; Value = "Vishay/Dale"; VariantName = "[No Variations]"
Add component (AddParameter): Name = "Manufacturer Part Number 1"; Value = "CRCW120651R0JNEA"; VariantName = "[No Variations]"
Add component (AddParameter): Name = "Package / Case"; Value = "1206 (3216 metric)"; VariantName = "[No Variations]"
Add component (AddParameter): Name = "Ratings"; Value = "1/4W"; VariantName = "[No Variations]"
Add component (AddParameter): Name = "Supplier 1"; Value = "Digi-Key"; VariantName = "[No Variations]"
Add component (AddParameter): Name = "Supplier Part Number 1"; Value = "541-51ECT-ND"; VariantName = "[No Variations]"
Add component (AddParameter): Name = "Tolerance"; Value = "±1%"; VariantName = "[No Variations]"
Add component (AddParameter): Name = "Value"; Value = "470?"; VariantName = "[No Variations]"
Added Component: Designator=R?(RESC3216N)
Add component (AddParameter): Name = "Manufacturer 1"; Value = "Vishay/Dale"; VariantName = "[No Variations]"
Add component (AddParameter): Name = "Manufacturer Part Number 1"; Value = "CRCW120651R0JNEA"; VariantName = "[No Variations]"
Add component (AddParameter): Name = "Package / Case"; Value = "1206 (3216 metric)"; VariantName = "[No Variations]"
Add component (AddParameter): Name = "Ratings"; Value = "1/4W"; VariantName = "[No Variations]"
Add component (AddParameter): Name = "Supplier 1"; Value = "Digi-Key"; VariantName = "[No Variations]"
Add component (AddParameter): Name = "Supplier Part Number 1"; Value = "541-51ECT-ND"; VariantName = "[No Variations]"
Add component (AddParameter): Name = "Tolerance"; Value = "±1%"; VariantName = "[No Variations]"
Add component (AddParameter): Name = "Value"; Value = "470?"; VariantName = "[No Variations]"
Added Component: Designator=R?(RESC3216N)
Add component (AddParameter): Name = "Manufacturer 1"; Value = "Vishay/Dale"; VariantName = "[No Variations]"
Add component (AddParameter): Name = "Manufacturer Part Number 1"; Value = "CRCW120651R0JNEA"; VariantName = "[No Variations]"
Add component (AddParameter): Name = "Package / Case"; Value = "1206 (3216 metric)"; VariantName = "[No Variations]"
Add component (AddParameter): Name = "Ratings"; Value = "1/4W"; VariantName = "[No Variations]"
Add component (AddParameter): Name = "Supplier 1"; Value = "Digi-Key"; VariantName = "[No Variations]"
Add component (AddParameter): Name = "Supplier Part Number 1"; Value = "541-51ECT-ND"; VariantName = "[No Variations]"
Add component (AddParameter): Name = "Tolerance"; Value = "±1%"; VariantName = "[No Variations]"
Add component (AddParameter): Name = "Value"; Value = "470?"; VariantName = "[No Variations]"
Added Component: Designator=R?(RESC3216N)
Add component (AddParameter): Name = "Manufacturer 1"; Value = "Vishay/Dale"; VariantName = "[No Variations]"
Add component (AddParameter): Name = "Manufacturer Part Number 1"; Value = "CRCW120651R0JNEA"; VariantName = "[No Variations]"
Add component (AddParameter): Name = "Package / Case"; Value = "1206 (3216 metric)"; VariantName = "[No Variations]"
Add component (AddParameter): Name = "Ratings"; Value = "1/4W"; VariantName = "[No Variations]"
Add component (AddParameter): Name = "Supplier 1"; Value = "Digi-Key"; VariantName = "[No Variations]"
Add component (AddParameter): Name = "Supplier Part Number 1"; Value = "541-51ECT-ND"; VariantName = "[No Variations]"
Add component (AddParameter): Name = "Tolerance"; Value = "±1%"; VariantName = "[No Variations]"
Add component (AddParameter): Name = "Value"; Value = "470?"; VariantName = "[No Variations]"
Added Component: Designator=R?(RESC3216N)
Add component (AddParameter): Name = "Manufacturer 1"; Value = "Vishay/Dale"; VariantName = "[No Variations]"
Add component (AddParameter): Name = "Manufacturer Part Number 1"; Value = "CRCW120651R0JNEA"; VariantName = "[No Variations]"
Add component (AddParameter): Name = "Package / Case"; Value = "1206 (3216 metric)"; VariantName = "[No Variations]"
Add component (AddParameter): Name = "Ratings"; Value = "1/4W"; VariantName = "[No Variations]"
Add component (AddParameter): Name = "Supplier 1"; Value = "Digi-Key"; VariantName = "[No Variations]"
Add component (AddParameter): Name = "Supplier Part Number 1"; Value = "541-51ECT-ND"; VariantName = "[No Variations]"
Add component (AddParameter): Name = "Tolerance"; Value = "±1%"; VariantName = "[No Variations]"
Add component (AddParameter): Name = "Value"; Value = "470?"; VariantName = "[No Variations]"
Added Pin To Net: NetName=NetD?_A Pin=C?-2
Added Pin To Net: NetName=DETEKTOR VLAŽNOSTI Pin=IC1-13
Added Pin To Net: NetName=MERILNIK_GLASNOSTI Pin=IC1-14
Added Pin To Net: NetName=DETEKTOR ŽIC Pin=IC1-15
Added Pin To Net: NetName=RF_DETEKTOR Pin=IC1-16
Added Pin To Net: NetName=GND Pin=R?-1
Added Pin To Net: NetName=GND Pin=R?-1
Added Pin To Net: NetName=GND Pin=R?-1
Added Pin To Net: NetName=GND Pin=R?-1
Added Pin To Net: NetName=GND Pin=R?-1
Added Pin To Net: NetName=GND Pin=R?-1
Added Pin To Net: NetName=GND Pin=R?-1
Added Pin To Net: NetName=GND Pin=R?-1
Added Pin To Net: NetName=GND Pin=R?-1
Added Pin To Net: NetName=GND Pin=R?-1
Change Net Name : Old Net Name=NetD?_A New Net Name=NetC?_2
Added Pin To Net: NetName=NetD?_A Pin=D?-A
Added Pin To Net: NetName=NetD?_A Pin=R?-2
Added Pin To Net: NetName=NetD?_A Pin=TP2-1
Added Pin To Net: NetName=NetD?_A Pin=U1-1
Added Net: Name=NetD?_A
Added Pin To Net: NetName=NetIC1_1 Pin=IC1-1
Added Pin To Net: NetName=NetIC1_1 Pin=LED?-8
Added Net: Name=NetIC1_1
Added Pin To Net: NetName=NetIC1_2 Pin=IC1-2
Added Pin To Net: NetName=NetIC1_2 Pin=LED?-9
Added Net: Name=NetIC1_2
Added Pin To Net: NetName=NetIC1_3 Pin=IC1-3
Added Pin To Net: NetName=NetIC1_3 Pin=LED?-10
Added Net: Name=NetIC1_3
Added Pin To Net: NetName=NetIC1_18 Pin=IC1-18
Added Pin To Net: NetName=NetIC1_18 Pin=LED?-1
Added Net: Name=NetIC1_18
Added Pin To Net: NetName=NetIC1_19 Pin=IC1-19
Added Pin To Net: NetName=NetIC1_19 Pin=LED?-2
Added Net: Name=NetIC1_19
Added Pin To Net: NetName=NetIC1_20 Pin=IC1-20
Added Pin To Net: NetName=NetIC1_20 Pin=LED?-3
Added Net: Name=NetIC1_20
Added Pin To Net: NetName=NetIC1_21 Pin=IC1-21
Added Pin To Net: NetName=NetIC1_21 Pin=LED?-4
Added Net: Name=NetIC1_21
Added Pin To Net: NetName=NetIC1_22 Pin=IC1-22
Added Pin To Net: NetName=NetIC1_22 Pin=LED?-5
Added Net: Name=NetIC1_22
Added Pin To Net: NetName=NetIC1_23 Pin=IC1-23
Added Pin To Net: NetName=NetIC1_23 Pin=LED?-6
Added Net: Name=NetIC1_23
Added Pin To Net: NetName=NetIC1_24 Pin=IC1-24
Added Pin To Net: NetName=NetIC1_24 Pin=LED?-7
Added Net: Name=NetIC1_24
Added Pin To Net: NetName=NetLED?_11 Pin=LED?-11
Added Pin To Net: NetName=NetLED?_11 Pin=R?-2
Added Net: Name=NetLED?_11
Added Pin To Net: NetName=NetLED?_12 Pin=LED?-12
Added Pin To Net: NetName=NetLED?_12 Pin=R?-2
Added Net: Name=NetLED?_12
Added Pin To Net: NetName=NetLED?_13 Pin=LED?-13
Added Pin To Net: NetName=NetLED?_13 Pin=R?-2
Added Net: Name=NetLED?_13
Added Pin To Net: NetName=NetLED?_14 Pin=LED?-14
Added Pin To Net: NetName=NetLED?_14 Pin=R?-2
Added Net: Name=NetLED?_14
Added Pin To Net: NetName=NetLED?_15 Pin=LED?-15
Added Pin To Net: NetName=NetLED?_15 Pin=R?-2
Added Net: Name=NetLED?_15
Added Pin To Net: NetName=NetLED?_16 Pin=LED?-16
Added Pin To Net: NetName=NetLED?_16 Pin=R?-2
Added Net: Name=NetLED?_16
Added Pin To Net: NetName=NetLED?_17 Pin=LED?-17
Added Pin To Net: NetName=NetLED?_17 Pin=R?-2
Added Net: Name=NetLED?_17
Added Pin To Net: NetName=NetLED?_18 Pin=LED?-18
Added Pin To Net: NetName=NetLED?_18 Pin=R?-2
Added Net: Name=NetLED?_18
Added Pin To Net: NetName=NetLED?_19 Pin=LED?-19
Added Pin To Net: NetName=NetLED?_19 Pin=R?-2
Added Net: Name=NetLED?_19
Added Pin To Net: NetName=NetLED?_20 Pin=LED?-20
Added Pin To Net: NetName=NetLED?_20 Pin=R?-2
Added Net: Name=NetLED?_20
Added Pin To Net: NetName=TIPKA Pin=IC1-17
Added Net: Name=TIPKA
