Removed Pin From Net: NetName=GND Pin=CN1-0
Removed Pin From Net: NetName=GND Pin=CN1-0
Removed Pin From Net: NetName=GND Pin=CN1-0
Removed Pin From Net: NetName=GND Pin=CN1-0
Removed Pin From Net: NetName=GND Pin=CN1-0
Removed Pin From Net: NetName=GND Pin=CN1-0
Removed Pin From Net: NetName=+5V_USB Pin=CN1-1
Removed Pin From Net: NetName=USB_N Pin=CN1-2
Removed Pin From Net: NetName=USB_P Pin=CN1-3
Removed Pin From Net: NetName=GND Pin=CN1-5
Added Component: Designator=J?(USB_Micro-B_FCI_SMD)
Add component (AddParameter): Name = "Manufacturer 1"; Value = "FCI"; VariantName = "[No Variations]"
Add component (AddParameter): Name = "Manufacturer Part Number 1"; Value = "10103593-0001LF"; VariantName = "[No Variations]"
Add component (AddParameter): Name = "Package / Case"; Value = "SMD/THD mid-mount"; VariantName = "[No Variations]"
Add component (AddParameter): Name = "Supplier 1"; Value = "Digi-Key"; VariantName = "[No Variations]"
Add component (AddParameter): Name = "Supplier Part Number 1"; Value = "609-4049-1-ND"; VariantName = "[No Variations]"
Added Pin To Net: NetName=+5V_USB Pin=J?-1
Added Pin To Net: NetName=USB_N Pin=J?-2
Added Pin To Net: NetName=USB_P Pin=J?-3
Added Pin To Net: NetName=GND Pin=J?-5
Added Pin To Net: NetName=GND Pin=J?-SH
Added Pin To Net: NetName=GND Pin=J?-SH
Added Pin To Net: NetName=GND Pin=J?-SH
Added Pin To Net: NetName=GND Pin=J?-SH
Added Pin To Net: NetName=GND Pin=J?-SH
Added Pin To Net: NetName=GND Pin=J?-SH
